<?xml version="1.1" encoding="UTF-8"?>
<slave>
  <name>debian-java</name>
  <description></description>
  <remoteFS>/var/lib/jenkins</remoteFS>
  <numExecutors>1</numExecutors>
  <mode>EXCLUSIVE</mode>
  <retentionStrategy class="hudson.slaves.RetentionStrategy$Always"/>
  <launcher class="hudson.plugins.sshslaves.SSHLauncher" plugin="ssh-slaves@2.854.v7fd446b_337c9">
    <host>192.168.0.102</host>
    <port>22</port>
    <credentialsId>1812da30-8672-46a3-b612-a65489050f32</credentialsId>
    <launchTimeoutSeconds>60</launchTimeoutSeconds>
    <maxNumRetries>10</maxNumRetries>
    <retryWaitTime>15</retryWaitTime>
    <sshHostKeyVerificationStrategy class="hudson.plugins.sshslaves.verifiers.ManuallyTrustedKeyVerificationStrategy">
      <requireInitialManualTrust>false</requireInitialManualTrust>
    </sshHostKeyVerificationStrategy>
    <tcpNoDelay>true</tcpNoDelay>
  </launcher>
  <label>linux debian java jdk local</label>
  <nodeProperties>
    <hudson.slaves.EnvironmentVariablesNodeProperty>
      <envVars serialization="custom">
        <unserializable-parents/>
        <tree-map>
          <default>
            <comparator class="java.lang.String$CaseInsensitiveComparator"/>
          </default>
          <int>1</int>
          <string>MAVEN_OPTS</string>
          <string></string>
        </tree-map>
      </envVars>
    </hudson.slaves.EnvironmentVariablesNodeProperty>
  </nodeProperties>
</slave>